#
# A fatal error has been detected by the Java Runtime Environment:
#
#  EXCEPTION_ACCESS_VIOLATION (0xc0000005) at pc=0x00007ffcdba94989, pid=9412, tid=0x0000000000000eb0
#
# JRE version: Java(TM) SE Runtime Environment (8.0_201-b09) (build 1.8.0_201-b09)
# Java VM: Java HotSpot(TM) 64-Bit Server VM (25.201-b09 mixed mode windows-amd64 compressed oops)
# Problematic frame:
# C  [ntdll.dll+0x24989]
#
# Failed to write core dump. Minidumps are not enabled by default on client versions of Windows
#
# If you would like to submit a bug report, please visit:
#   http://bugreport.java.com/bugreport/crash.jsp
# The crash happened outside the Java Virtual Machine in native code.
# See problematic frame for where to report the bug.
#

---------------  T H R E A D  ---------------

Current thread (0x000000001731d800):  JavaThread "Thread-2" [_thread_in_native, id=3760, stack(0x000000001f560000,0x000000001f660000)]

siginfo: ExceptionCode=0xc0000005, writing address 0x0000000000000024

Registers:
RAX=0xffffffffffffffff, RBX=0x0000000001124888, RCX=0x0000000000000000, RDX=0xffffffffffffffff
RSP=0x000000001f65e480, RBP=0x000000001f65e4f0, RSI=0x0000000000000000, RDI=0x0000000000000000
R8 =0x0000000000000000, R9 =0x0000000000000000, R10=0x00000000150936f8, R11=0x00000000172bf348
R12=0x0000000000000000, R13=0x0000000015266cc8, R14=0x0000000000000000, R15=0x000000001731d800
RIP=0x00007ffcdba94989, EFLAGS=0x0000000000010213

Top of Stack: (sp=0x000000001f65e480)
0x000000001f65e480:   ffffffffffffffff 0000000001124888
0x000000001f65e490:   000000001f65e718 0000000015266cc8
0x000000001f65e4a0:   0000000000000000 000000001731d9f8
0x000000001f65e4b0:   000000001f65e5a8 0000000000d91000
0x000000001f65e4c0:   000000001f65e718 0000000074da9c21
0x000000001f65e4d0:   0000000000000000 0000000000000000
0x000000001f65e4e0:   0000000002d10000 00007ffcdba8922b
0x000000001f65e4f0:   000000001731d800 0000000000000001
0x000000001f65e500:   0000000015266cc8 0000000000000000
0x000000001f65e510:   0000000000000000 00000000172be500
0x000000001f65e520:   0000000000000001 00007ffcdba8efb7
0x000000001f65e530:   000000001f65e500 0000000001124888
0x000000001f65e540:   00000000fffffffa 0000000074e68535
0x000000001f65e550:   000000001f65e718 00007ffcdba8eed0
0x000000001f65e560:   000000001f65e5e0 0000000000010001
0x000000001f65e570:   00000000172be560 0000000000000000 

Instructions: (pc=0x00007ffcdba94989)
0x00007ffcdba94969:   35 52 75 13 00 4c 0f 45 f6 48 39 73 18 0f 84 b6
0x00007ffcdba94979:   01 00 00 48 8b 0b 48 83 f9 ff 0f 84 b6 01 00 00
0x00007ffcdba94989:   ff 41 24 48 8b 7b 18 44 8b ee 48 89 7d c0 e8 74
0x00007ffcdba94999:   2a ff ff 85 c0 0f 85 4e 73 08 00 b9 82 03 fe 7f 


Register to memory mapping:

RAX=0xffffffffffffffff is an unknown value
RBX=0x0000000001124888 is an unknown value
RCX=0x0000000000000000 is an unknown value
RDX=0xffffffffffffffff is an unknown value
RSP=0x000000001f65e480 is pointing into the stack for thread: 0x000000001731d800
RBP=0x000000001f65e4f0 is pointing into the stack for thread: 0x000000001731d800
RSI=0x0000000000000000 is an unknown value
RDI=0x0000000000000000 is an unknown value
R8 =0x0000000000000000 is an unknown value
R9 =0x0000000000000000 is an unknown value
R10={method} {0x0000000015093700} 'addRecord' '(Ljava/lang/Object;JJ)V' in 'sun/java2d/Disposer'
R11=0x00000000172bf348 is an unknown value
R12=0x0000000000000000 is an unknown value
R13={method} {0x0000000015266cd0} 'initOps' '(III)V' in 'sun/java2d/d3d/D3DSurfaceData'
R14=0x0000000000000000 is an unknown value
R15=0x000000001731d800 is a thread


Stack: [0x000000001f560000,0x000000001f660000],  sp=0x000000001f65e480,  free space=1017k
Native frames: (J=compiled Java code, j=interpreted, Vv=VM code, C=native code)
C  [ntdll.dll+0x24989]
C  [ntdll.dll+0x1efb7]
C  [ntdll.dll+0x1eed0]
C  0x00007ffcd2a354c9

Java frames: (J=compiled Java code, j=interpreted, Vv=VM code)
j  sun.java2d.d3d.D3DSurfaceData.initOps(III)V+0
j  sun.java2d.d3d.D3DSurfaceData.<init>(Lsun/awt/windows/WComponentPeer;Lsun/java2d/d3d/D3DGraphicsConfig;IILjava/awt/Image;Ljava/awt/image/ColorModel;IILsun/java2d/pipe/hw/ExtendedBufferCapabilities$VSyncType;I)V+76
j  sun.java2d.d3d.D3DSurfaceData.createData(Lsun/java2d/d3d/D3DGraphicsConfig;IILjava/awt/image/ColorModel;Ljava/awt/Image;I)Lsun/java2d/d3d/D3DSurfaceData;+70
j  sun.java2d.d3d.D3DGraphicsConfig.createManagedSurface(III)Lsun/java2d/SurfaceData;+10
j  sun.java2d.d3d.D3DSurfaceDataProxy.validateSurfaceData(Lsun/java2d/SurfaceData;Lsun/java2d/SurfaceData;II)Lsun/java2d/SurfaceData;+22
J 679 C1 sun.java2d.SurfaceDataProxy.replaceData(Lsun/java2d/SurfaceData;ILsun/java2d/loops/CompositeType;Ljava/awt/Color;)Lsun/java2d/SurfaceData; (329 bytes) @ 0x00000000031c9bb4 [0x00000000031c9200+0x9b4]
J 469 C1 sun.java2d.SurfaceData.getSourceSurfaceData(Ljava/awt/Image;ILsun/java2d/loops/CompositeType;Ljava/awt/Color;)Lsun/java2d/SurfaceData; (110 bytes) @ 0x0000000003135a84 [0x0000000003135080+0xa04]
J 468 C1 sun.java2d.pipe.DrawImage.renderImageCopy(Lsun/java2d/SunGraphics2D;Ljava/awt/Image;Ljava/awt/Color;IIIIII)Z (147 bytes) @ 0x000000000313fda4 [0x000000000313fa60+0x344]
J 464 C1 sun.java2d.pipe.DrawImage.copyImage(Lsun/java2d/SunGraphics2D;Ljava/awt/Image;IILjava/awt/Color;)Z (105 bytes) @ 0x0000000003138464 [0x0000000003137de0+0x684]
J 459 C1 sun.java2d.pipe.DrawImage.copyImage(Lsun/java2d/SunGraphics2D;Ljava/awt/Image;IILjava/awt/Color;Ljava/awt/image/ImageObserver;)Z (60 bytes) @ 0x00000000031369d4 [0x0000000003136260+0x774]
J 637 C1 sun.java2d.pipe.ValidatePipe.copyImage(Lsun/java2d/SunGraphics2D;Ljava/awt/Image;IILjava/awt/Color;Ljava/awt/image/ImageObserver;)Z (29 bytes) @ 0x000000000319c994 [0x000000000319c580+0x414]
J 460 C1 sun.java2d.SunGraphics2D.drawImage(Ljava/awt/Image;IILjava/awt/Color;Ljava/awt/image/ImageObserver;)Z (145 bytes) @ 0x0000000003139844 [0x0000000003138f00+0x944]
J 458 C1 sun.java2d.SunGraphics2D.drawImage(Ljava/awt/Image;IILjava/awt/image/ImageObserver;)Z (11 bytes) @ 0x0000000003137104 [0x0000000003137000+0x104]
J 678 C1 JFrameTesting.drawMainImageToFrame()V (22 bytes) @ 0x00000000031c8a2c [0x00000000031c8460+0x5cc]
j  JFrameTesting.enterGameLoop()V+33
j  JFrameTesting.run()V+21
j  java.lang.Thread.run()V+11
v  ~StubRoutines::call_stub

---------------  P R O C E S S  ---------------

Java Threads: ( => current thread )
  0x000000001c622800 JavaThread "Thread-0" daemon [_thread_in_native, id=3788, stack(0x0000000022660000,0x0000000022760000)]
=>0x000000001731d800 JavaThread "Thread-2" [_thread_in_native, id=3760, stack(0x000000001f560000,0x000000001f660000)]
  0x0000000002e22800 JavaThread "DestroyJavaVM" [_thread_blocked, id=13804, stack(0x0000000002d20000,0x0000000002e20000)]
  0x0000000017307000 JavaThread "AWT-EventQueue-0" [_thread_blocked, id=8976, stack(0x0000000017960000,0x0000000017a60000)]
  0x0000000017302800 JavaThread "AWT-Shutdown" [_thread_blocked, id=4088, stack(0x0000000017760000,0x0000000017860000)]
  0x00000000172b2000 JavaThread "Java2D Disposer" daemon [_thread_blocked, id=10696, stack(0x0000000017660000,0x0000000017760000)]
  0x000000001562d800 JavaThread "Service Thread" daemon [_thread_blocked, id=2412, stack(0x0000000017320000,0x0000000017420000)]
  0x00000000155dc000 JavaThread "C1 CompilerThread2" daemon [_thread_blocked, id=9828, stack(0x0000000016e20000,0x0000000016f20000)]
  0x00000000155cf800 JavaThread "C2 CompilerThread1" daemon [_thread_blocked, id=8380, stack(0x0000000016d20000,0x0000000016e20000)]
  0x00000000155ce000 JavaThread "C2 CompilerThread0" daemon [_thread_blocked, id=11036, stack(0x0000000016c20000,0x0000000016d20000)]
  0x00000000155cd000 JavaThread "Attach Listener" daemon [_thread_blocked, id=9084, stack(0x0000000016b20000,0x0000000016c20000)]
  0x00000000155d8000 JavaThread "Signal Dispatcher" daemon [_thread_blocked, id=13452, stack(0x0000000016a20000,0x0000000016b20000)]
  0x0000000002f1d800 JavaThread "Finalizer" daemon [_thread_blocked, id=4212, stack(0x0000000016830000,0x0000000016930000)]
  0x0000000002f14800 JavaThread "Reference Handler" daemon [_thread_blocked, id=10044, stack(0x0000000016730000,0x0000000016830000)]

Other Threads:
  0x0000000015597800 VMThread [stack: 0x0000000016630000,0x0000000016730000] [id=8328]
  0x0000000016f67000 WatcherThread [stack: 0x0000000017420000,0x0000000017520000] [id=8364]

VM state:not at safepoint (normal execution)

VM Mutex/Monitor currently owned by a thread: None

heap address: 0x00000000c0200000, size: 1022 MB, Compressed Oops mode: 32-bit
Narrow klass base: 0x0000000000000000, Narrow klass shift: 3
Compressed class space size: 1073741824 Address: 0x0000000100000000

Heap:
 PSYoungGen      total 18944K, used 14950K [0x00000000eab80000, 0x00000000ec080000, 0x0000000100000000)
  eden space 16384K, 91% used [0x00000000eab80000,0x00000000eba19bc8,0x00000000ebb80000)
  from space 2560K, 0% used [0x00000000ebe00000,0x00000000ebe00000,0x00000000ec080000)
  to   space 2560K, 0% used [0x00000000ebb80000,0x00000000ebb80000,0x00000000ebe00000)
 ParOldGen       total 229888K, used 229376K [0x00000000c0200000, 0x00000000ce280000, 0x00000000eab80000)
  object space 229888K, 99% used [0x00000000c0200000,0x00000000ce2000e0,0x00000000ce280000)
 Metaspace       used 9492K, capacity 9764K, committed 9984K, reserved 1058816K
  class space    used 1129K, capacity 1222K, committed 1280K, reserved 1048576K

Card table byte_map: [0x00000000122e0000,0x00000000124e0000] byte_map_base: 0x0000000011cdf000

Marking Bits: (ParMarkBitMap*) 0x0000000075474ce0
 Begin Bits: [0x0000000012a40000, 0x0000000013a38000)
 End Bits:   [0x0000000013a38000, 0x0000000014a30000)

Polling page: 0x0000000000bf0000

CodeCache: size=245760Kb used=3262Kb max_used=3264Kb free=242497Kb
 bounds [0x0000000002f20000, 0x0000000003260000, 0x0000000011f20000]
 total_blobs=1267 nmethods=805 adapters=376
 compilation: enabled

Compilation events (10 events):
Event: 18.427 Thread 0x00000000155dc000  801       3       java.awt.Toolkit::notifyAWTEventListeners (36 bytes)
Event: 18.428 Thread 0x00000000155dc000 nmethod 801 0x000000000324bcd0 code [0x000000000324be80, 0x000000000324c428]
Event: 18.475 Thread 0x00000000155dc000  802       3       java.awt.EventQueue::cacheEQItem (60 bytes)
Event: 18.476 Thread 0x00000000155dc000 nmethod 802 0x000000000324c5d0 code [0x000000000324c760, 0x000000000324cec8]
Event: 18.539 Thread 0x00000000155ce000  803   !   4       sun.awt.AppContext::get (123 bytes)
Event: 18.563 Thread 0x00000000155ce000 nmethod 803 0x0000000003250710 code [0x00000000032508a0, 0x00000000032512c8]
Event: 18.709 Thread 0x00000000155dc000  804       3       sun.java2d.d3d.D3DBlitLoops::createPackedParams (60 bytes)
Event: 18.710 Thread 0x00000000155dc000 nmethod 804 0x0000000003250250 code [0x00000000032503c0, 0x0000000003250670]
Event: 18.710 Thread 0x00000000155dc000  805       3       sun.java2d.d3d.D3DBlitLoops::enqueueBlit (102 bytes)
Event: 18.712 Thread 0x00000000155dc000 nmethod 805 0x000000000324db10 code [0x000000000324dd40, 0x000000000324f408]

GC Heap History (0 events):
No events

Deoptimization events (10 events):
Event: 1.055 Thread 0x000000001731d800 Uncommon trap: reason=unstable_if action=reinterpret pc=0x0000000003107648 method=sun.java2d.loops.RenderCache$Entry.matches(Lsun/java2d/loops/SurfaceType;Lsun/java2d/loops/CompositeType;Lsun/java2d/loops/SurfaceType;)Z @ 5
Event: 1.055 Thread 0x000000001731d800 Uncommon trap: reason=unstable_if action=reinterpret pc=0x0000000003118c18 method=sun.java2d.SurfaceData.getSourceSurfaceData(Ljava/awt/Image;ILsun/java2d/loops/CompositeType;Ljava/awt/Color;)Lsun/java2d/SurfaceData; @ 26
Event: 1.055 Thread 0x000000001731d800 Uncommon trap: reason=class_check action=maybe_recompile pc=0x0000000003103d9c method=sun.java2d.SurfaceData.getTransparency()I @ 4
Event: 1.088 Thread 0x000000001731d800 Uncommon trap: reason=class_check action=maybe_recompile pc=0x00000000031111f0 method=java.awt.image.BufferedImage.getRGB(II)I @ 11
Event: 1.088 Thread 0x000000001731d800 Uncommon trap: reason=class_check action=maybe_recompile pc=0x00000000031111f0 method=java.awt.image.BufferedImage.getRGB(II)I @ 11
Event: 1.088 Thread 0x000000001731d800 Uncommon trap: reason=class_check action=maybe_recompile pc=0x000000000310c5b8 method=sun.java2d.SurfaceData.getTransparency()I @ 4
Event: 1.089 Thread 0x000000001731d800 Uncommon trap: reason=class_check action=maybe_recompile pc=0x0000000003103d9c method=sun.java2d.SurfaceData.getTransparency()I @ 4
Event: 1.089 Thread 0x000000001731d800 Uncommon trap: reason=unstable_if action=reinterpret pc=0x0000000003116bc8 method=sun.java2d.SurfaceData.getSourceSurfaceData(Ljava/awt/Image;ILsun/java2d/loops/CompositeType;Ljava/awt/Color;)Lsun/java2d/SurfaceData; @ 26
Event: 1.124 Thread 0x000000001731d800 Uncommon trap: reason=unstable_if action=reinterpret pc=0x000000000311aee4 method=sun.java2d.SurfaceData.getSourceSurfaceData(Ljava/awt/Image;ILsun/java2d/loops/CompositeType;Ljava/awt/Color;)Lsun/java2d/SurfaceData; @ 26
Event: 1.158 Thread 0x000000001731d800 Uncommon trap: reason=unstable_if action=reinterpret pc=0x00000000031058ac method=sun.java2d.SurfaceData.getSourceSurfaceData(Ljava/awt/Image;ILsun/java2d/loops/CompositeType;Ljava/awt/Color;)Lsun/java2d/SurfaceData; @ 26

Classes redefined (0 events):
No events

Internal exceptions (10 events):
Event: 0.043 Thread 0x0000000002e22800 Exception <a 'java/lang/NoSuchMethodError': Method sun.misc.Unsafe.prefetchRead(Ljava/lang/Object;J)V name or signature does not match> (0x00000000eab87f98) thrown at [C:\re\workspace\8-2-build-windows-amd64-cygwin\jdk8u201\12322\hotspot\src\share\vm\prim
Event: 0.128 Thread 0x0000000002e22800 Exception <a 'java/security/PrivilegedActionException'> (0x00000000eac04468) thrown at [C:\re\workspace\8-2-build-windows-amd64-cygwin\jdk8u201\12322\hotspot\src\share\vm\prims\jvm.cpp, line 1502]
Event: 0.128 Thread 0x0000000002e22800 Exception <a 'java/security/PrivilegedActionException'> (0x00000000eac04678) thrown at [C:\re\workspace\8-2-build-windows-amd64-cygwin\jdk8u201\12322\hotspot\src\share\vm\prims\jvm.cpp, line 1502]
Event: 0.129 Thread 0x0000000002e22800 Exception <a 'java/security/PrivilegedActionException'> (0x00000000eac082e8) thrown at [C:\re\workspace\8-2-build-windows-amd64-cygwin\jdk8u201\12322\hotspot\src\share\vm\prims\jvm.cpp, line 1502]
Event: 0.129 Thread 0x0000000002e22800 Exception <a 'java/security/PrivilegedActionException'> (0x00000000eac084f8) thrown at [C:\re\workspace\8-2-build-windows-amd64-cygwin\jdk8u201\12322\hotspot\src\share\vm\prims\jvm.cpp, line 1502]
Event: 0.134 Thread 0x0000000002e22800 Exception <a 'java/io/FileNotFoundException'> (0x00000000eac0a6d8) thrown at [C:\re\workspace\8-2-build-windows-amd64-cygwin\jdk8u201\12322\hotspot\src\share\vm\prims\jni.cpp, line 709]
Event: 0.178 Thread 0x0000000002e22800 Exception <a 'java/lang/NoSuchFieldError': method resolution failed> (0x00000000ead2e108) thrown at [C:\re\workspace\8-2-build-windows-amd64-cygwin\jdk8u201\12322\hotspot\src\share\vm\prims\methodHandles.cpp, line 1167]
Event: 0.180 Thread 0x0000000002e22800 Exception <a 'java/lang/NoSuchFieldError': method resolution failed> (0x00000000ead3b4d8) thrown at [C:\re\workspace\8-2-build-windows-amd64-cygwin\jdk8u201\12322\hotspot\src\share\vm\prims\methodHandles.cpp, line 1167]
Event: 0.246 Thread 0x0000000017307000 Exception <a 'java/io/FileNotFoundException'> (0x00000000eae6ee10) thrown at [C:\re\workspace\8-2-build-windows-amd64-cygwin\jdk8u201\12322\hotspot\src\share\vm\prims\jni.cpp, line 709]
Event: 0.357 Thread 0x0000000017307000 Implicit null exception at 0x000000000308d11b to 0x000000000308d2c5

Events (10 events):
Event: 1.158 Thread 0x000000001731d800 DEOPT PACKING pc=0x00000000031058ac sp=0x000000001f65eb50
Event: 1.158 Thread 0x000000001731d800 DEOPT UNPACKING pc=0x0000000002f6583b sp=0x000000001f65eb10 mode 2
Event: 4.129 Executing VM operation: EnableBiasedLocking
Event: 4.129 Executing VM operation: EnableBiasedLocking done
Event: 18.834 Thread 0x000000001c622800 Thread added: 0x000000001c622800
Event: 18.835 Thread 0x000000001c623800 Thread added: 0x000000001c623800
Event: 18.835 Thread 0x000000001c623800 Thread exited: 0x000000001c623800
Event: 18.835 Thread 0x000000001c4d6800 Thread exited: 0x000000001c4d6800
Event: 18.835 loading class sun/java2d/pipe/hw/AccelDeviceEventNotifier
Event: 18.836 loading class sun/java2d/pipe/hw/AccelDeviceEventNotifier done


Dynamic libraries:
0x00007ff696900000 - 0x00007ff696937000 	C:\Program Files (x86)\Common Files\Oracle\Java\javapath\java.exe
0x00007ffcdba70000 - 0x00007ffcdbc51000 	C:\WINDOWS\SYSTEM32\ntdll.dll
0x00007ffcdb900000 - 0x00007ffcdb9b2000 	C:\WINDOWS\System32\KERNEL32.DLL
0x00007ffcd8080000 - 0x00007ffcd82f3000 	C:\WINDOWS\System32\KERNELBASE.dll
0x00007ffcd9750000 - 0x00007ffcd97f1000 	C:\WINDOWS\System32\ADVAPI32.dll
0x00007ffcd8f00000 - 0x00007ffcd8f9e000 	C:\WINDOWS\System32\msvcrt.dll
0x00007ffcd9500000 - 0x00007ffcd955b000 	C:\WINDOWS\System32\sechost.dll
0x00007ffcdb7a0000 - 0x00007ffcdb8c4000 	C:\WINDOWS\System32\RPCRT4.dll
0x00007ffcd9c70000 - 0x00007ffcd9e00000 	C:\WINDOWS\System32\USER32.dll
0x00007ffcd8360000 - 0x00007ffcd8380000 	C:\WINDOWS\System32\win32u.dll
0x00007ffcda030000 - 0x00007ffcda058000 	C:\WINDOWS\System32\GDI32.dll
0x00007ffcd8cc0000 - 0x00007ffcd8e52000 	C:\WINDOWS\System32\gdi32full.dll
0x00007ffcd8e60000 - 0x00007ffcd8eff000 	C:\WINDOWS\System32\msvcp_win.dll
0x00007ffcd8430000 - 0x00007ffcd8528000 	C:\WINDOWS\System32\ucrtbase.dll
0x00007ffcbff30000 - 0x00007ffcc0199000 	C:\WINDOWS\WinSxS\amd64_microsoft.windows.common-controls_6595b64144ccf1df_6.0.17134.648_none_fb45a0e93062a6d2\COMCTL32.dll
0x00007ffcd8fa0000 - 0x00007ffcd92c2000 	C:\WINDOWS\System32\combase.dll
0x00007ffcd8c40000 - 0x00007ffcd8cba000 	C:\WINDOWS\System32\bcryptPrimitives.dll
0x00007ffcdb8d0000 - 0x00007ffcdb8fd000 	C:\WINDOWS\System32\IMM32.DLL
0x0000000075500000 - 0x00000000755d1000 	C:\Program Files\Java\jre1.8.0_201\bin\msvcr100.dll
0x0000000074c50000 - 0x00000000754f4000 	C:\Program Files\Java\jre1.8.0_201\bin\server\jvm.dll
0x00007ffcd9330000 - 0x00007ffcd9338000 	C:\WINDOWS\System32\PSAPI.DLL
0x00007ffcca500000 - 0x00007ffcca523000 	C:\WINDOWS\SYSTEM32\WINMM.dll
0x00007ffcd32d0000 - 0x00007ffcd32da000 	C:\WINDOWS\SYSTEM32\VERSION.dll
0x00007ffcd4480000 - 0x00007ffcd4489000 	C:\WINDOWS\SYSTEM32\WSOCK32.dll
0x00007ffcd9560000 - 0x00007ffcd95cc000 	C:\WINDOWS\System32\WS2_32.dll
0x00007ffcca4d0000 - 0x00007ffcca4fa000 	C:\WINDOWS\SYSTEM32\winmmbase.dll
0x00007ffcd7e40000 - 0x00007ffcd7e89000 	C:\WINDOWS\System32\cfgmgr32.dll
0x00007ffccf570000 - 0x00007ffccf57f000 	C:\Program Files\Java\jre1.8.0_201\bin\verify.dll
0x00007ffcccc30000 - 0x00007ffcccc59000 	C:\Program Files\Java\jre1.8.0_201\bin\java.dll
0x00007ffccd550000 - 0x00007ffccd566000 	C:\Program Files\Java\jre1.8.0_201\bin\zip.dll
0x00007ffcda070000 - 0x00007ffcdb4b0000 	C:\WINDOWS\System32\SHELL32.dll
0x00007ffcdb550000 - 0x00007ffcdb5f9000 	C:\WINDOWS\System32\shcore.dll
0x00007ffcd8530000 - 0x00007ffcd8c3d000 	C:\WINDOWS\System32\windows.storage.dll
0x00007ffcd9fd0000 - 0x00007ffcda021000 	C:\WINDOWS\System32\shlwapi.dll
0x00007ffcd7db0000 - 0x00007ffcd7dc1000 	C:\WINDOWS\System32\kernel.appcore.dll
0x00007ffcd7e20000 - 0x00007ffcd7e3f000 	C:\WINDOWS\System32\profapi.dll
0x00007ffcd7dd0000 - 0x00007ffcd7e1c000 	C:\WINDOWS\System32\powrprof.dll
0x00007ffcd7d80000 - 0x00007ffcd7d8a000 	C:\WINDOWS\System32\FLTLIB.DLL
0x00007ffca0930000 - 0x00007ffca0ac9000 	C:\Program Files\Java\jre1.8.0_201\bin\awt.dll
0x00007ffcd9340000 - 0x00007ffcd9403000 	C:\WINDOWS\System32\OLEAUT32.dll
0x00007ffcd61d0000 - 0x00007ffcd625b000 	C:\WINDOWS\SYSTEM32\apphelp.dll
0x00007ffcd6430000 - 0x00007ffcd64c8000 	C:\WINDOWS\system32\uxtheme.dll
0x00007ffcd95d0000 - 0x00007ffcd9743000 	C:\WINDOWS\System32\MSCTF.dll
0x00007ffcd6510000 - 0x00007ffcd6539000 	C:\WINDOWS\system32\dwmapi.dll
0x00007ffcd9e00000 - 0x00007ffcd9f51000 	C:\WINDOWS\System32\ole32.dll
0x00007ffcaa1c0000 - 0x00007ffcaa2e0000 	C:\WINDOWS\system32\opengl32.dll
0x00007ffcccb10000 - 0x00007ffcccb3c000 	C:\WINDOWS\SYSTEM32\GLU32.dll
0x00007ffcd7e90000 - 0x00007ffcd8072000 	C:\WINDOWS\System32\crypt32.dll
0x00007ffcd7d90000 - 0x00007ffcd7da2000 	C:\WINDOWS\System32\MSASN1.dll
0x00007ffcd8300000 - 0x00007ffcd8357000 	C:\WINDOWS\System32\WINTRUST.DLL
0x00007ffcd9800000 - 0x00007ffcd981d000 	C:\WINDOWS\System32\imagehlp.dll
0x00007ffcd7750000 - 0x00007ffcd7767000 	C:\WINDOWS\SYSTEM32\CRYPTSP.dll
0x00007ffcd7180000 - 0x00007ffcd71b3000 	C:\WINDOWS\system32\rsaenh.dll
0x00007ffcd78e0000 - 0x00007ffcd7905000 	C:\WINDOWS\SYSTEM32\bcrypt.dll
0x00007ffcd7770000 - 0x00007ffcd777b000 	C:\WINDOWS\SYSTEM32\CRYPTBASE.dll
0x00007ffcc7550000 - 0x00007ffcc763c000 	C:\Program Files (x86)\NVIDIA Corporation\3D Vision\nvSCPAPI64.dll
0x00007ffcd9820000 - 0x00007ffcd9c6b000 	C:\WINDOWS\System32\SETUPAPI.dll
0x00007ffcc94e0000 - 0x00007ffcc9527000 	C:\Program Files\Java\jre1.8.0_201\bin\fontmanager.dll
0x00007ffcc7370000 - 0x00007ffcc7406000 	C:\WINDOWS\System32\TextInputFramework.dll
0x00007ffcd5fd0000 - 0x00007ffcd60aa000 	C:\WINDOWS\System32\CoreMessaging.dll
0x00007ffcc8e20000 - 0x00007ffcc913e000 	C:\WINDOWS\System32\CoreUIComponents.dll
0x00007ffcd6e70000 - 0x00007ffcd6ea1000 	C:\WINDOWS\SYSTEM32\ntmarta.dll
0x00007ffcd2550000 - 0x00007ffcd269d000 	C:\WINDOWS\SYSTEM32\wintypes.dll
0x00007ffcc9ee0000 - 0x00007ffcc9efa000 	C:\Program Files\Java\jre1.8.0_201\bin\net.dll
0x00007ffcd0ea0000 - 0x00007ffcd1068000 	C:\WINDOWS\SYSTEM32\urlmon.dll
0x00007ffcceba0000 - 0x00007ffccee45000 	C:\WINDOWS\SYSTEM32\iertutil.dll
0x00007ffcd75a0000 - 0x00007ffcd7606000 	C:\WINDOWS\system32\mswsock.dll
0x00007ffcc9ce0000 - 0x00007ffcc9cf1000 	C:\Program Files\Java\jre1.8.0_201\bin\nio.dll
0x00007ffcc3ee0000 - 0x00007ffcc3f22000 	C:\Program Files\Java\jre1.8.0_201\bin\t2k.dll
0x00007ffcd37c0000 - 0x00007ffcd3989000 	C:\WINDOWS\SYSTEM32\dbghelp.dll

VM Arguments:
java_command: JFrameTesting
java_class_path (initial): .
Launcher Type: SUN_STANDARD

Environment Variables:
JAVA_HOME=C:\Program Files\Java\jdk1.8.0_201
PATH=C:\Users\Anders\bin;C:\Program Files\Git\mingw64\bin;C:\Program Files\Git\usr\local\bin;C:\Program Files\Git\usr\bin;C:\Program Files\Git\usr\bin;C:\Program Files\Git\mingw64\bin;C:\Program Files\Git\usr\bin;C:\Users\Anders\bin;C:\Program Files (x86)\Common Files\Oracle\Java\javapath;C:\WINDOWS\system32;C:\WINDOWS;C:\WINDOWS\System32\Wbem;C:\WINDOWS\System32\WindowsPowerShell\v1.0;C:\WINDOWS\System32\OpenSSH;C:\Program Files\Git\cmd;C:\Program Files\Java\jdk1.8.0_201\bin;C:\Program Files\nodejs;C:\ProgramData\chocolatey\bin;C:\Users\Anders\AppData\Local\Programs\Python\Python37-32\Scripts;C:\Users\Anders\AppData\Local\Programs\Python\Python37-32;C:\Users\Anders\AppData\Local\Microsoft\WindowsApps;C:\Users\Anders\AppData\Roaming\npm;C:\Users\Anders\AppData\Local\GitHubDesktop\bin;C:\Program Files\php-7.3.2-Win32-VC15-x64;C:\Program Files\apache-maven-3.6.0\bin;C:\Program Files\Git\usr\bin\vendor_perl;C:\Program Files\Git\usr\bin\core_perl
USERNAME=Anders
SHELL=C:\Program Files\Git\usr\bin\bash.exe
DISPLAY=needs-to-be-defined
OS=Windows_NT
PROCESSOR_IDENTIFIER=Intel64 Family 6 Model 30 Stepping 5, GenuineIntel



---------------  S Y S T E M  ---------------

OS: Windows 10.0 , 64 bit Build 17134 (10.0.17134.648)

CPU:total 4 (initial active 4) (4 cores per cpu, 1 threads per core) family 6 model 30 stepping 5, cmov, cx8, fxsr, mmx, sse, sse2, sse3, ssse3, sse4.1, sse4.2, popcnt, tsc, tscinvbit

Memory: 4k page, physical 4185524k(1805372k free), swap 8248756k(4411048k free)

vm_info: Java HotSpot(TM) 64-Bit Server VM (25.201-b09) for windows-amd64 JRE (1.8.0_201-b09), built on Dec 15 2018 18:36:39 by "java_re" with MS VC++ 10.0 (VS2010)

time: Tue Mar 19 11:45:22 2019
timezone: Romance Standard Time
elapsed time: 18 seconds (0d 0h 0m 18s)

